{
  "stats": {
    "suites": 1,
    "tests": 2,
    "passes": 2,
    "pending": 0,
    "failures": 0,
    "start": "2025-04-16T05:12:24.752Z",
    "end": "2025-04-16T05:12:30.121Z",
    "duration": 5369,
    "testsRegistered": 2,
    "passPercent": 100,
    "pendingPercent": 0,
    "other": 0,
    "hasOther": false,
    "skipped": 0,
    "hasSkipped": false
  },
  "results": [
    {
      "uuid": "c035dc6b-d293-446a-b439-9816600aea99",
      "title": "",
      "fullFile": "I:\\VS\\Sesi_9_Gagah\\tests\\sesi-9\\test_sauce.js",
      "file": "\\tests\\sesi-9\\test_sauce.js",
      "beforeHooks": [],
      "afterHooks": [],
      "tests": [],
      "suites": [
        {
          "uuid": "43c036b5-ac55-46a1-b367-e9f4f51c44bf",
          "title": "Test Sesi 10 with Hooks",
          "fullFile": "I:\\VS\\Sesi_9_Gagah\\tests\\sesi-9\\test_sauce.js",
          "file": "\\tests\\sesi-9\\test_sauce.js",
          "beforeHooks": [
            {
              "title": "\"before each\" hook in \"Test Sesi 10 with Hooks\"",
              "fullTitle": "Test Sesi 10 with Hooks \"before each\" hook in \"Test Sesi 10 with Hooks\"",
              "timedOut": false,
              "duration": 2590,
              "state": null,
              "speed": null,
              "pass": false,
              "fail": false,
              "pending": false,
              "context": null,
              "code": "driver = await new Builder().forBrowser('chrome').build();\nawait driver.get('https://www.saucedemo.com');\nconst title = await driver.getTitle();\nassert.strictEqual(title, 'Swag Labs');\nlet inputUsername = await driver.findElement(By.css('[data-test=\"username\"]'));\nlet inputPassword = await driver.findElement(By.css('[data-test=\"password\"]'));\nlet buttonLogin = await driver.findElement(By.css('[data-test=\"login-button\"]'));\nawait inputUsername.sendKeys('standard_user');\nawait inputPassword.sendKeys('secret_sauce');\nawait buttonLogin.click();\nlet textAppLogo = await driver.findElement(By.className('app_logo'));\nlet logotext = await textAppLogo.getText();\nassert.strictEqual(logotext, 'Swag Labs');",
              "err": {},
              "uuid": "75100ea0-88c4-4b82-a98c-2e81da7a115c",
              "parentUUID": "43c036b5-ac55-46a1-b367-e9f4f51c44bf",
              "isHook": true,
              "skipped": false
            }
          ],
          "afterHooks": [
            {
              "title": "\"after each\" hook in \"Test Sesi 10 with Hooks\"",
              "fullTitle": "Test Sesi 10 with Hooks \"after each\" hook in \"Test Sesi 10 with Hooks\"",
              "timedOut": false,
              "duration": 42,
              "state": null,
              "speed": null,
              "pass": false,
              "fail": false,
              "pending": false,
              "context": null,
              "code": "await driver.quit();",
              "err": {},
              "uuid": "53595c35-07bb-4383-960a-6df9769662c8",
              "parentUUID": "43c036b5-ac55-46a1-b367-e9f4f51c44bf",
              "isHook": true,
              "skipped": false
            }
          ],
          "tests": [
            {
              "title": "Visit SauceDemo dan Login",
              "fullTitle": "Test Sesi 10 with Hooks Visit SauceDemo dan Login",
              "timedOut": false,
              "duration": 0,
              "state": "passed",
              "speed": "fast",
              "pass": true,
              "fail": false,
              "pending": false,
              "context": null,
              "code": "// Test passed if setup works and app logo is verified",
              "err": {},
              "uuid": "2fc07723-6e56-4fb8-8d4d-ecea4f8b91e5",
              "parentUUID": "43c036b5-ac55-46a1-b367-e9f4f51c44bf",
              "isHook": false,
              "skipped": false
            },
            {
              "title": "Cek Produk Filter Z-A",
              "fullTitle": "Test Sesi 10 with Hooks Cek Produk Filter Z-A",
              "timedOut": false,
              "duration": 142,
              "state": "passed",
              "speed": "slow",
              "pass": true,
              "fail": false,
              "pending": false,
              "context": null,
              "code": "// Wait for the sort dropdown\nlet sortDropdown = await driver.wait(\n    until.elementLocated(By.css('[data-test=\"product-sort-container\"]')),\n    10000\n);\nawait sortDropdown.isDisplayed();\n// Click for sort Z-A\nawait sortDropdown.click();\nlet optionZA = await driver.findElement(By.xpath('//option[@value=\"za\"]'));\nawait optionZA.click();\n// Verify Z-A option\nlet selectedOption = await driver.findElement(By.css('[data-test=\"product-sort-container\"] option:checked'));\nlet selectedValue = await selectedOption.getAttribute('value');\nassert.strictEqual(selectedValue, 'za');",
              "err": {},
              "uuid": "35580969-b721-49c5-9a85-637a97f084ad",
              "parentUUID": "43c036b5-ac55-46a1-b367-e9f4f51c44bf",
              "isHook": false,
              "skipped": false
            }
          ],
          "suites": [],
          "passes": [
            "2fc07723-6e56-4fb8-8d4d-ecea4f8b91e5",
            "35580969-b721-49c5-9a85-637a97f084ad"
          ],
          "failures": [],
          "pending": [],
          "skipped": [],
          "duration": 142,
          "root": false,
          "rootEmpty": false,
          "_timeout": 60000
        }
      ],
      "passes": [],
      "failures": [],
      "pending": [],
      "skipped": [],
      "duration": 0,
      "root": true,
      "rootEmpty": true,
      "_timeout": 60000
    }
  ],
  "meta": {
    "mocha": {
      "version": "10.8.2"
    },
    "mochawesome": {
      "options": {
        "quiet": false,
        "reportFilename": "mochawesome",
        "saveHtml": true,
        "saveJson": true,
        "consoleReporter": "spec",
        "useInlineDiffs": false,
        "code": true
      },
      "version": "7.1.3"
    },
    "marge": {
      "options": null,
      "version": "6.2.0"
    }
  }
}